-- The C compiler identification is GNU 11.4.0
-- The CXX compiler identification is GNU 11.4.0
-- Detecting C compiler ABI info
-- Detecting C compiler ABI info - done
-- Check for working C compiler: /usr/bin/cc - skipped
-- Detecting C compile features
-- Detecting C compile features - done
-- Detecting CXX compiler ABI info
-- Detecting CXX compiler ABI info - done
-- Check for working CXX compiler: /usr/bin/c++ - skipped
-- Detecting CXX compile features
-- Detecting CXX compile features - done
-- Found PkgConfig: /usr/bin/pkg-config (found version "0.29.2") 
-- Checking for module 'alsa'
--   Found alsa, version 1.2.6.1
-- Found ament_cmake: 1.3.12 (/opt/ros/humble/share/ament_cmake/cmake)
-- Found Python3: /usr/bin/python3 (found version "3.10.12") found components: Interpreter 
-- Found rclcpp: 16.0.14 (/opt/ros/humble/share/rclcpp/cmake)
-- Found rosidl_generator_c: 3.1.7 (/opt/ros/humble/share/rosidl_generator_c/cmake)
-- Found rosidl_adapter: 3.1.7 (/opt/ros/humble/share/rosidl_adapter/cmake)
-- Found rosidl_generator_cpp: 3.1.7 (/opt/ros/humble/share/rosidl_generator_cpp/cmake)
-- Using all available rosidl_typesupport_c: rosidl_typesupport_fastrtps_c;rosidl_typesupport_introspection_c
-- Using all available rosidl_typesupport_cpp: rosidl_typesupport_fastrtps_cpp;rosidl_typesupport_introspection_cpp
-- Found rmw_implementation_cmake: 6.1.2 (/opt/ros/humble/share/rmw_implementation_cmake/cmake)
-- Found rmw_fastrtps_cpp: 6.2.8 (/opt/ros/humble/share/rmw_fastrtps_cpp/cmake)
-- Found OpenSSL: /usr/lib/aarch64-linux-gnu/libcrypto.so (found version "3.0.2")  
-- Found FastRTPS: /opt/ros/humble/include  
-- Using RMW implementation 'rmw_fastrtps_cpp' as default
-- Looking for pthread.h
-- Looking for pthread.h - found
-- Performing Test CMAKE_HAVE_LIBC_PTHREAD
-- Performing Test CMAKE_HAVE_LIBC_PTHREAD - Success
-- Found Threads: TRUE  
-- Found nav_msgs: 4.9.0 (/opt/ros/humble/share/nav_msgs/cmake)
-- Found tf2: 0.25.15 (/opt/ros/humble/share/tf2/cmake)
-- Found tf2_ros: 0.25.15 (/opt/ros/humble/share/tf2_ros/cmake)
-- Found tf2_geometry_msgs: 0.25.15 (/opt/ros/humble/share/tf2_geometry_msgs/cmake)
-- Found eigen3_cmake_module: 0.1.1 (/opt/ros/humble/share/eigen3_cmake_module/cmake)
-- Found Eigen3: TRUE (found version "3.4.0") 
-- Ensuring Eigen3 include directory is part of orocos-kdl CMake target
-- Configuring done
-- Generating done
-- Build files have been written to: /home/naiscorpjetsonorinnx/Desktop/robot_app/build/robot_app
[  8%] [34m[1mAutomatic MOC for target robot_app[0m
[  8%] Built target robot_app_autogen
[ 16%] [34m[1mAutomatic RCC for forms/resources.qrc[0m
[ 58%] [32mBuilding CXX object CMakeFiles/robot_app.dir/src/ros2mapbridge.cpp.o[0m
[ 58%] [32mBuilding CXX object CMakeFiles/robot_app.dir/robot_app_autogen/mocs_compilation.cpp.o[0m
[ 58%] [32mBuilding CXX object CMakeFiles/robot_app.dir/src/mapimageprovider.cpp.o[0m
[ 58%] [32mBuilding CXX object CMakeFiles/robot_app.dir/src/filehelper.cpp.o[0m
[ 58%] [32mBuilding CXX object CMakeFiles/robot_app.dir/src/audiomanager.cpp.o[0m
[ 66%] [32mBuilding CXX object CMakeFiles/robot_app.dir/src/websocketbridge.cpp.o[0m
[ 75%] [32mBuilding CXX object CMakeFiles/robot_app.dir/src/main.cpp.o[0m
[ 83%] [32mBuilding CXX object CMakeFiles/robot_app.dir/src/tsssocketbridge.cpp.o[0m
[ 91%] [32mBuilding CXX object CMakeFiles/robot_app.dir/robot_app_autogen/QM7UNKGVG2/qrc_resources.cpp.o[0m
[01m[K/home/naiscorpjetsonorinnx/Desktop/robot_app/src/main.cpp:[m[K In function â€˜[01m[Kint main(int, char**)[m[Kâ€™:
[01m[K/home/naiscorpjetsonorinnx/Desktop/robot_app/src/main.cpp:45:65:[m[K [01;31m[Kerror: [m[Kâ€˜[01m[KmapBridge[m[Kâ€™ was not declared in this scope; did you mean â€˜[01m[KRos2MapBridge[m[Kâ€™?
   45 |     engine.rootContext()->setContextProperty("globalMapBridge", [01;31m[KmapBridge[m[K);
      |                                                                 [01;31m[K^~~~~~~~~[m[K
      |                                                                 [32m[KRos2MapBridge[m[K
gmake[2]: *** [CMakeFiles/robot_app.dir/build.make:115: CMakeFiles/robot_app.dir/src/main.cpp.o] Error 1
gmake[2]: *** Waiting for unfinished jobs....
gmake[1]: *** [CMakeFiles/Makefile2:138: CMakeFiles/robot_app.dir/all] Error 2
gmake: *** [Makefile:146: all] Error 2
