[0.017s] Invoking command in '/home/naiscorpjetsonorinnx/Desktop/robot_app/build/robot_app': CMAKE_PREFIX_PATH=/opt/ros/humble /usr/bin/cmake /home/naiscorpjetsonorinnx/Desktop/robot_app -DCMAKE_INSTALL_PREFIX=/home/naiscorpjetsonorinnx/Desktop/robot_app/install/robot_app
[0.187s] -- The C compiler identification is GNU 11.4.0
[0.342s] -- The CXX compiler identification is GNU 11.4.0
[0.368s] -- Detecting C compiler ABI info
[0.504s] -- Detecting C compiler ABI info - done
[0.519s] -- Check for working C compiler: /usr/bin/cc - skipped
[0.520s] -- Detecting C compile features
[0.521s] -- Detecting C compile features - done
[0.532s] -- Detecting CXX compiler ABI info
[0.686s] -- Detecting CXX compiler ABI info - done
[0.711s] -- Check for working CXX compiler: /usr/bin/c++ - skipped
[0.712s] -- Detecting CXX compile features
[0.714s] -- Detecting CXX compile features - done
[0.793s] -- Found PkgConfig: /usr/bin/pkg-config (found version "0.29.2") 
[0.793s] -- Checking for module 'alsa'
[0.824s] --   Found alsa, version 1.2.6.1
[0.894s] -- Found ament_cmake: 1.3.12 (/opt/ros/humble/share/ament_cmake/cmake)
[1.191s] -- Found Python3: /usr/bin/python3 (found version "3.10.12") found components: Interpreter 
[1.391s] -- Found rclcpp: 16.0.14 (/opt/ros/humble/share/rclcpp/cmake)
[1.467s] -- Found rosidl_generator_c: 3.1.7 (/opt/ros/humble/share/rosidl_generator_c/cmake)
[1.475s] -- Found rosidl_adapter: 3.1.7 (/opt/ros/humble/share/rosidl_adapter/cmake)
[1.489s] -- Found rosidl_generator_cpp: 3.1.7 (/opt/ros/humble/share/rosidl_generator_cpp/cmake)
[1.509s] -- Using all available rosidl_typesupport_c: rosidl_typesupport_fastrtps_c;rosidl_typesupport_introspection_c
[1.535s] -- Using all available rosidl_typesupport_cpp: rosidl_typesupport_fastrtps_cpp;rosidl_typesupport_introspection_cpp
[1.603s] -- Found rmw_implementation_cmake: 6.1.2 (/opt/ros/humble/share/rmw_implementation_cmake/cmake)
[1.608s] -- Found rmw_fastrtps_cpp: 6.2.8 (/opt/ros/humble/share/rmw_fastrtps_cpp/cmake)
[1.775s] -- Found OpenSSL: /usr/lib/aarch64-linux-gnu/libcrypto.so (found version "3.0.2")  
[1.836s] -- Found FastRTPS: /opt/ros/humble/include  
[1.916s] -- Using RMW implementation 'rmw_fastrtps_cpp' as default
[1.932s] -- Looking for pthread.h
[2.068s] -- Looking for pthread.h - found
[2.069s] -- Performing Test CMAKE_HAVE_LIBC_PTHREAD
[2.211s] -- Performing Test CMAKE_HAVE_LIBC_PTHREAD - Success
[2.215s] -- Found Threads: TRUE  
[2.370s] -- Found nav_msgs: 4.9.0 (/opt/ros/humble/share/nav_msgs/cmake)
[2.424s] -- Found tf2: 0.25.15 (/opt/ros/humble/share/tf2/cmake)
[2.441s] -- Found tf2_ros: 0.25.15 (/opt/ros/humble/share/tf2_ros/cmake)
[2.582s] -- Found tf2_geometry_msgs: 0.25.15 (/opt/ros/humble/share/tf2_geometry_msgs/cmake)
[2.606s] -- Found eigen3_cmake_module: 0.1.1 (/opt/ros/humble/share/eigen3_cmake_module/cmake)
[2.609s] -- Found Eigen3: TRUE (found version "3.4.0") 
[2.609s] -- Ensuring Eigen3 include directory is part of orocos-kdl CMake target
[2.782s] -- Configuring done
[2.864s] -- Generating done
[2.879s] -- Build files have been written to: /home/naiscorpjetsonorinnx/Desktop/robot_app/build/robot_app
[2.909s] Invoked command in '/home/naiscorpjetsonorinnx/Desktop/robot_app/build/robot_app' returned '0': CMAKE_PREFIX_PATH=/opt/ros/humble /usr/bin/cmake /home/naiscorpjetsonorinnx/Desktop/robot_app -DCMAKE_INSTALL_PREFIX=/home/naiscorpjetsonorinnx/Desktop/robot_app/install/robot_app
[2.913s] Invoking command in '/home/naiscorpjetsonorinnx/Desktop/robot_app/build/robot_app': CMAKE_PREFIX_PATH=/opt/ros/humble /usr/bin/cmake --build /home/naiscorpjetsonorinnx/Desktop/robot_app/build/robot_app -- -j8 -l8
[3.012s] [  8%] [34m[1mAutomatic MOC for target robot_app[0m
[4.407s] [  8%] Built target robot_app_autogen
[4.428s] [ 16%] [34m[1mAutomatic RCC for forms/resources.qrc[0m
[5.760s] [ 58%] [32mBuilding CXX object CMakeFiles/robot_app.dir/src/ros2mapbridge.cpp.o[0m
[5.760s] [ 58%] [32mBuilding CXX object CMakeFiles/robot_app.dir/robot_app_autogen/mocs_compilation.cpp.o[0m
[5.761s] [ 58%] [32mBuilding CXX object CMakeFiles/robot_app.dir/src/mapimageprovider.cpp.o[0m
[5.761s] [ 58%] [32mBuilding CXX object CMakeFiles/robot_app.dir/src/filehelper.cpp.o[0m
[5.761s] [ 58%] [32mBuilding CXX object CMakeFiles/robot_app.dir/src/audiomanager.cpp.o[0m
[5.762s] [ 66%] [32mBuilding CXX object CMakeFiles/robot_app.dir/src/websocketbridge.cpp.o[0m
[5.766s] [ 75%] [32mBuilding CXX object CMakeFiles/robot_app.dir/src/main.cpp.o[0m
[5.767s] [ 83%] [32mBuilding CXX object CMakeFiles/robot_app.dir/src/tsssocketbridge.cpp.o[0m
[7.823s] [ 91%] [32mBuilding CXX object CMakeFiles/robot_app.dir/robot_app_autogen/QM7UNKGVG2/qrc_resources.cpp.o[0m
[14.558s] [01m[K/home/naiscorpjetsonorinnx/Desktop/robot_app/src/main.cpp:[m[K In function â€˜[01m[Kint main(int, char**)[m[Kâ€™:
[14.558s] [01m[K/home/naiscorpjetsonorinnx/Desktop/robot_app/src/main.cpp:45:65:[m[K [01;31m[Kerror: [m[Kâ€˜[01m[KmapBridge[m[Kâ€™ was not declared in this scope; did you mean â€˜[01m[KRos2MapBridge[m[Kâ€™?
[14.558s]    45 |     engine.rootContext()->setContextProperty("globalMapBridge", [01;31m[KmapBridge[m[K);
[14.558s]       |                                                                 [01;31m[K^~~~~~~~~[m[K
[14.558s]       |                                                                 [32m[KRos2MapBridge[m[K
[16.257s] gmake[2]: *** [CMakeFiles/robot_app.dir/build.make:115: CMakeFiles/robot_app.dir/src/main.cpp.o] Error 1
[16.257s] gmake[2]: *** Waiting for unfinished jobs....
[55.306s] gmake[1]: *** [CMakeFiles/Makefile2:138: CMakeFiles/robot_app.dir/all] Error 2
[55.306s] gmake: *** [Makefile:146: all] Error 2
[55.312s] Invoked command in '/home/naiscorpjetsonorinnx/Desktop/robot_app/build/robot_app' returned '2': CMAKE_PREFIX_PATH=/opt/ros/humble /usr/bin/cmake --build /home/naiscorpjetsonorinnx/Desktop/robot_app/build/robot_app -- -j8 -l8
